[    42.170] (--) Log file renamed from "/home/karl/.local/share/xorg/Xorg.pid-1195.log" to "/home/karl/.local/share/xorg/Xorg.0.log"
[    42.199] 
X.Org X Server 1.19.6
Release Date: 2017-12-20
[    42.199] X Protocol Version 11, Revision 0
[    42.199] Build Operating System: Linux 4.4.0-119-generic x86_64 Ubuntu
[    42.199] Current Operating System: Linux karl-104 4.15.0-112-generic #113-Ubuntu SMP Thu Jul 9 23:41:39 UTC 2020 x86_64
[    42.199] Kernel command line: BOOT_IMAGE=/boot/vmlinuz-4.15.0-112-generic root=UUID=d26787d8-348d-4627-af8c-e06b83cf45f7 ro quiet splash vt.handoff=1
[    42.199] Build Date: 13 April 2018  08:07:36PM
[    42.199] xorg-server 2:1.19.6-1ubuntu4 (For technical support please see http://www.ubuntu.com/support) 
[    42.199] Current version of pixman: 0.34.0
[    42.199] 	Before reporting problems, check http://wiki.x.org
	to make sure that you have the latest version.
[    42.199] Markers: (--) probed, (**) from config file, (==) default setting,
	(++) from command line, (!!) notice, (II) informational,
	(WW) warning, (EE) error, (NI) not implemented, (??) unknown.
[    42.199] (==) Log file: "/home/karl/.local/share/xorg/Xorg.0.log", Time: Sun Aug 30 14:01:40 2020
[    42.285] (==) Using system config directory "/usr/share/X11/xorg.conf.d"
[    42.357] (==) No Layout section.  Using the first Screen section.
[    42.357] (==) No screen section available. Using defaults.
[    42.357] (**) |-->Screen "Default Screen Section" (0)
[    42.357] (**) |   |-->Monitor "<default monitor>"
[    42.403] (==) No monitor specified for screen "Default Screen Section".
	Using a default monitor configuration.
[    42.403] (==) Automatically adding devices
[    42.403] (==) Automatically enabling devices
[    42.403] (==) Automatically adding GPU devices
[    42.403] (==) Automatically binding GPU devices
[    42.403] (==) Max clients allowed: 256, resource mask: 0x1fffff
[    42.449] (WW) The directory "/usr/share/fonts/X11/cyrillic" does not exist.
[    42.449] 	Entry deleted from font path.
[    42.449] (WW) The directory "/usr/share/fonts/X11/100dpi/" does not exist.
[    42.449] 	Entry deleted from font path.
[    42.449] (WW) The directory "/usr/share/fonts/X11/75dpi/" does not exist.
[    42.449] 	Entry deleted from font path.
[    42.462] (WW) The directory "/usr/share/fonts/X11/100dpi" does not exist.
[    42.462] 	Entry deleted from font path.
[    42.462] (WW) The directory "/usr/share/fonts/X11/75dpi" does not exist.
[    42.462] 	Entry deleted from font path.
[    42.462] (==) FontPath set to:
	/usr/share/fonts/X11/misc,
	/usr/share/fonts/X11/Type1,
	built-ins
[    42.462] (==) ModulePath set to "/usr/lib/xorg/modules"
[    42.462] (II) The server relies on udev to provide the list of input devices.
	If no devices become available, reconfigure udev or disable AutoAddDevices.
[    42.475] (II) Loader magic: 0x55eee31f4020
[    42.475] (II) Module ABI versions:
[    42.475] 	X.Org ANSI C Emulation: 0.4
[    42.475] 	X.Org Video Driver: 23.0
[    42.475] 	X.Org XInput driver : 24.1
[    42.475] 	X.Org Server Extension : 10.0
[    42.476] (++) using VT number 1

[    42.478] (II) systemd-logind: took control of session /org/freedesktop/login1/session/_31
[    42.478] (II) xfree86: Adding drm device (/dev/dri/card0)
[    42.480] (II) systemd-logind: got fd for /dev/dri/card0 226:0 fd 12 paused 0
[    42.487] (--) PCI:*(0:2:0:0) 10de:107d:10de:1154 rev 161, Mem @ 0xf6000000/16777216, 0xe8000000/134217728, 0xf0000000/33554432, I/O @ 0x0000e000/128, BIOS @ 0x????????/524288
[    42.487] (II) LoadModule: "glx"
[    42.519] (II) Loading /usr/lib/xorg/modules/extensions/libglx.so
[    42.671] (II) Module glx: vendor="X.Org Foundation"
[    42.671] 	compiled for 1.19.6, module version = 1.0.0
[    42.671] 	ABI class: X.Org Server Extension, version 10.0
[    42.671] (==) Matched nouveau as autoconfigured driver 0
[    42.671] (==) Matched nouveau as autoconfigured driver 1
[    42.671] (==) Matched modesetting as autoconfigured driver 2
[    42.671] (==) Matched fbdev as autoconfigured driver 3
[    42.671] (==) Matched vesa as autoconfigured driver 4
[    42.671] (==) Assigned the driver to the xf86ConfigLayout
[    42.671] (II) LoadModule: "nouveau"
[    42.672] (II) Loading /usr/lib/xorg/modules/drivers/nouveau_drv.so
[    42.809] (II) Module nouveau: vendor="X.Org Foundation"
[    42.809] 	compiled for 1.19.3, module version = 1.0.15
[    42.809] 	Module class: X.Org Video Driver
[    42.809] 	ABI class: X.Org Video Driver, version 23.0
[    42.809] (II) LoadModule: "modesetting"
[    42.809] (II) Loading /usr/lib/xorg/modules/drivers/modesetting_drv.so
[    42.846] (II) Module modesetting: vendor="X.Org Foundation"
[    42.846] 	compiled for 1.19.6, module version = 1.19.6
[    42.846] 	Module class: X.Org Video Driver
[    42.846] 	ABI class: X.Org Video Driver, version 23.0
[    42.846] (II) LoadModule: "fbdev"
[    42.846] (II) Loading /usr/lib/xorg/modules/drivers/fbdev_drv.so
[    42.854] (II) Module fbdev: vendor="X.Org Foundation"
[    42.854] 	compiled for 1.19.3, module version = 0.4.4
[    42.854] 	Module class: X.Org Video Driver
[    42.854] 	ABI class: X.Org Video Driver, version 23.0
[    42.854] (II) LoadModule: "vesa"
[    42.854] (II) Loading /usr/lib/xorg/modules/drivers/vesa_drv.so
[    42.854] (II) Module vesa: vendor="X.Org Foundation"
[    42.854] 	compiled for 1.19.3, module version = 2.3.4
[    42.854] 	Module class: X.Org Video Driver
[    42.854] 	ABI class: X.Org Video Driver, version 23.0
[    42.854] (II) NOUVEAU driver Date:   Fri Apr 21 14:41:17 2017 -0400
[    42.855] (II) NOUVEAU driver for NVIDIA chipset families :
[    42.855] 	RIVA TNT        (NV04)
[    42.855] 	RIVA TNT2       (NV05)
[    42.855] 	GeForce 256     (NV10)
[    42.855] 	GeForce 2       (NV11, NV15)
[    42.855] 	GeForce 4MX     (NV17, NV18)
[    42.855] 	GeForce 3       (NV20)
[    42.855] 	GeForce 4Ti     (NV25, NV28)
[    42.855] 	GeForce FX      (NV3x)
[    42.855] 	GeForce 6       (NV4x)
[    42.855] 	GeForce 7       (G7x)
[    42.855] 	GeForce 8       (G8x)
[    42.855] 	GeForce GTX 200 (NVA0)
[    42.855] 	GeForce GTX 400 (NVC0)
[    42.855] (II) modesetting: Driver for Modesetting Kernel Drivers: kms
[    42.855] (II) FBDEV: driver for framebuffer: fbdev
[    42.855] (II) VESA: driver for VESA chipsets: vesa
[    42.855] xf86EnableIOPorts: failed to set IOPL for I/O (Operation not permitted)
[    42.855] (II) [drm] nouveau interface version: 1.3.1
[    42.856] (WW) Falling back to old probe method for modesetting
[    42.856] (WW) Falling back to old probe method for fbdev
[    42.856] (II) Loading sub module "fbdevhw"
[    42.856] (II) LoadModule: "fbdevhw"
[    42.856] (II) Loading /usr/lib/xorg/modules/libfbdevhw.so
[    42.865] (II) Module fbdevhw: vendor="X.Org Foundation"
[    42.866] 	compiled for 1.19.6, module version = 0.0.2
[    42.866] 	ABI class: X.Org Video Driver, version 23.0
[    42.866] (EE) open /dev/fb0: Permission denied
[    42.866] (WW) Falling back to old probe method for vesa
[    42.866] (WW) VGA arbiter: cannot open kernel arbiter, no multi-card support
[    42.866] (II) Loading sub module "dri2"
[    42.866] (II) LoadModule: "dri2"
[    42.866] (II) Module "dri2" already built-in
[    42.866] (--) NOUVEAU(0): Chipset: "NVIDIA NVD9"
[    42.866] (II) NOUVEAU(0): Creating default Display subsection in Screen section
	"Default Screen Section" for depth/fbbpp 24/32
[    42.866] (==) NOUVEAU(0): Depth 24, (--) framebuffer bpp 32
[    42.866] (==) NOUVEAU(0): RGB weight 888
[    42.866] (==) NOUVEAU(0): Default visual is TrueColor
[    42.866] (==) NOUVEAU(0): Using HW cursor
[    42.866] (==) NOUVEAU(0): Allowed maximum DRI level 2.
[    42.866] (==) NOUVEAU(0): GLX sync to VBlank enabled.
[    42.866] (==) NOUVEAU(0): Page flipping enabled
[    42.866] (==) NOUVEAU(0): Swap limit set to 1 [Max allowed 2]
[    42.866] (==) NOUVEAU(0): Page flipping synced to vblank by kernel.
[    42.866] (II) NOUVEAU(0): Initializing outputs ...
[    42.928] (II) NOUVEAU(0): Output DP-1 has no monitor section
[    42.931] (II) NOUVEAU(0): Output DP-2 has no monitor section
[    42.931] (II) NOUVEAU(0): 2 crtcs needed for screen.
[    42.932] (II) NOUVEAU(0): Allocated crtc nr. 0 to this screen.
[    42.932] (II) NOUVEAU(0): Allocated crtc nr. 1 to this screen.
[    42.996] (II) NOUVEAU(0): EDID for output DP-1
[    42.999] (II) NOUVEAU(0): EDID for output DP-2
[    42.999] (II) NOUVEAU(0): Manufacturer: DEL  Model: f06b  Serial#: 1127566409
[    42.999] (II) NOUVEAU(0): Year: 2016  Week: 4
[    42.999] (II) NOUVEAU(0): EDID Version: 1.4
[    42.999] (II) NOUVEAU(0): Digital Display Input
[    42.999] (II) NOUVEAU(0): 8 bits per channel
[    42.999] (II) NOUVEAU(0): Digital interface is DisplayPort
[    43.000] (II) NOUVEAU(0): Max Image Size [cm]: horiz.: 51  vert.: 29
[    43.000] (II) NOUVEAU(0): Gamma: 2.20
[    43.000] (II) NOUVEAU(0): DPMS capabilities: Off
[    43.000] (II) NOUVEAU(0): Supported color encodings: RGB 4:4:4 YCrCb 4:4:4 YCrCb 4:2:2
[    43.000] (II) NOUVEAU(0): First detailed timing is preferred mode
[    43.000] (II) NOUVEAU(0): Preferred mode is native pixel format and refresh rate
[    43.000] (II) NOUVEAU(0): redX: 0.640 redY: 0.333   greenX: 0.312 greenY: 0.626
[    43.000] (II) NOUVEAU(0): blueX: 0.153 blueY: 0.070   whiteX: 0.313 whiteY: 0.329
[    43.000] (II) NOUVEAU(0): Supported established timings:
[    43.000] (II) NOUVEAU(0): 720x400@70Hz
[    43.000] (II) NOUVEAU(0): 640x480@60Hz
[    43.000] (II) NOUVEAU(0): 640x480@75Hz
[    43.000] (II) NOUVEAU(0): 800x600@60Hz
[    43.000] (II) NOUVEAU(0): 800x600@75Hz
[    43.000] (II) NOUVEAU(0): 1024x768@60Hz
[    43.000] (II) NOUVEAU(0): 1024x768@75Hz
[    43.000] (II) NOUVEAU(0): 1280x1024@75Hz
[    43.000] (II) NOUVEAU(0): Manufacturer's mask: 0
[    43.000] (II) NOUVEAU(0): Supported standard timings:
[    43.000] (II) NOUVEAU(0): #0: hsize: 1152  vsize 864  refresh: 75  vid: 20337
[    43.000] (II) NOUVEAU(0): #1: hsize: 1280  vsize 1024  refresh: 60  vid: 32897
[    43.000] (II) NOUVEAU(0): #2: hsize: 1600  vsize 900  refresh: 60  vid: 49321
[    43.000] (II) NOUVEAU(0): #3: hsize: 1920  vsize 1080  refresh: 60  vid: 49361
[    43.000] (II) NOUVEAU(0): Supported detailed timing:
[    43.000] (II) NOUVEAU(0): clock: 148.5 MHz   Image Size:  509 x 286 mm
[    43.000] (II) NOUVEAU(0): h_active: 1920  h_sync: 2008  h_sync_end 2052 h_blank_end 2200 h_border: 0
[    43.000] (II) NOUVEAU(0): v_active: 1080  v_sync: 1084  v_sync_end 1089 v_blanking: 1125 v_border: 0
[    43.000] (II) NOUVEAU(0): Serial No: JN93P61LC5LI
[    43.000] (II) NOUVEAU(0): Monitor name: DELL E2316H
[    43.000] (II) NOUVEAU(0): Ranges: V min: 56 V max: 76 Hz, H min: 30 H max: 83 kHz, PixClock max 175 MHz
[    43.000] (II) NOUVEAU(0): EDID (in hex):
[    43.000] (II) NOUVEAU(0): 	00ffffffffffff0010ac6bf0494c3543
[    43.000] (II) NOUVEAU(0): 	041a0104a5331d783add45a3554fa027
[    43.000] (II) NOUVEAU(0): 	125054a54b00714f8180a9c0d1c00101
[    43.000] (II) NOUVEAU(0): 	010101010101023a801871382d40582c
[    43.000] (II) NOUVEAU(0): 	4500fd1e1100001e000000ff004a4e39
[    43.000] (II) NOUVEAU(0): 	335036314c43354c490a000000fc0044
[    43.000] (II) NOUVEAU(0): 	454c4c204532333136480a20000000fd
[    43.000] (II) NOUVEAU(0): 	00384c1e5311000a20202020202000d8
[    43.000] (II) NOUVEAU(0): Printing probed modes for output DP-2
[    43.000] (II) NOUVEAU(0): Modeline "1920x1080"x60.0  148.50  1920 2008 2052 2200  1080 1084 1089 1125 +hsync +vsync (67.5 kHz eP)
[    43.000] (II) NOUVEAU(0): Modeline "1600x900"x60.0  108.00  1600 1624 1704 1800  900 901 904 1000 +hsync +vsync (60.0 kHz e)
[    43.000] (II) NOUVEAU(0): Modeline "1280x1024"x75.0  135.00  1280 1296 1440 1688  1024 1025 1028 1066 +hsync +vsync (80.0 kHz e)
[    43.000] (II) NOUVEAU(0): Modeline "1280x1024"x60.0  108.00  1280 1328 1440 1688  1024 1025 1028 1066 +hsync +vsync (64.0 kHz e)
[    43.000] (II) NOUVEAU(0): Modeline "1152x864"x75.0  108.00  1152 1216 1344 1600  864 865 868 900 +hsync +vsync (67.5 kHz e)
[    43.000] (II) NOUVEAU(0): Modeline "1024x768"x75.0   78.75  1024 1040 1136 1312  768 769 772 800 +hsync +vsync (60.0 kHz e)
[    43.000] (II) NOUVEAU(0): Modeline "1024x768"x60.0   65.00  1024 1048 1184 1344  768 771 777 806 -hsync -vsync (48.4 kHz e)
[    43.000] (II) NOUVEAU(0): Modeline "800x600"x75.0   49.50  800 816 896 1056  600 601 604 625 +hsync +vsync (46.9 kHz e)
[    43.000] (II) NOUVEAU(0): Modeline "800x600"x60.3   40.00  800 840 968 1056  600 601 605 628 +hsync +vsync (37.9 kHz e)
[    43.000] (II) NOUVEAU(0): Modeline "640x480"x75.0   31.50  640 656 720 840  480 481 484 500 -hsync -vsync (37.5 kHz e)
[    43.000] (II) NOUVEAU(0): Modeline "640x480"x59.9   25.18  640 656 752 800  480 490 492 525 -hsync -vsync (31.5 kHz e)
[    43.000] (II) NOUVEAU(0): Modeline "720x400"x70.1   28.32  720 738 846 900  400 412 414 449 -hsync +vsync (31.5 kHz e)
[    43.000] (II) NOUVEAU(0): Output DP-1 disconnected
[    43.000] (II) NOUVEAU(0): Output DP-2 connected
[    43.000] (II) NOUVEAU(0): Using exact sizes for initial modes
[    43.000] (II) NOUVEAU(0): Output DP-2 using initial mode 1920x1080 +0+0
[    43.000] (==) NOUVEAU(0): Using gamma correction (1.0, 1.0, 1.0)
[    43.000] (--) NOUVEAU(0): Virtual size is 1920x1080 (pitch 0)
[    43.000] (**) NOUVEAU(0):  Driver mode "1920x1080": 148.5 MHz (scaled from 0.0 MHz), 67.5 kHz, 60.0 Hz
[    43.000] (II) NOUVEAU(0): Modeline "1920x1080"x60.0  148.50  1920 2008 2052 2200  1080 1084 1089 1125 +hsync +vsync (67.5 kHz eP)
[    43.000] (**) NOUVEAU(0):  Driver mode "1600x900": 108.0 MHz (scaled from 0.0 MHz), 60.0 kHz, 60.0 Hz
[    43.000] (II) NOUVEAU(0): Modeline "1600x900"x60.0  108.00  1600 1624 1704 1800  900 901 904 1000 +hsync +vsync (60.0 kHz e)
[    43.000] (**) NOUVEAU(0):  Driver mode "1280x1024": 135.0 MHz (scaled from 0.0 MHz), 80.0 kHz, 75.0 Hz
[    43.000] (II) NOUVEAU(0): Modeline "1280x1024"x75.0  135.00  1280 1296 1440 1688  1024 1025 1028 1066 +hsync +vsync (80.0 kHz e)
[    43.000] (**) NOUVEAU(0):  Driver mode "1280x1024": 108.0 MHz (scaled from 0.0 MHz), 64.0 kHz, 60.0 Hz
[    43.000] (II) NOUVEAU(0): Modeline "1280x1024"x60.0  108.00  1280 1328 1440 1688  1024 1025 1028 1066 +hsync +vsync (64.0 kHz e)
[    43.000] (**) NOUVEAU(0):  Driver mode "1152x864": 108.0 MHz (scaled from 0.0 MHz), 67.5 kHz, 75.0 Hz
[    43.000] (II) NOUVEAU(0): Modeline "1152x864"x75.0  108.00  1152 1216 1344 1600  864 865 868 900 +hsync +vsync (67.5 kHz e)
[    43.000] (**) NOUVEAU(0):  Driver mode "1024x768": 78.8 MHz (scaled from 0.0 MHz), 60.0 kHz, 75.0 Hz
[    43.000] (II) NOUVEAU(0): Modeline "1024x768"x75.0   78.75  1024 1040 1136 1312  768 769 772 800 +hsync +vsync (60.0 kHz e)
[    43.000] (**) NOUVEAU(0):  Driver mode "1024x768": 65.0 MHz (scaled from 0.0 MHz), 48.4 kHz, 60.0 Hz
[    43.000] (II) NOUVEAU(0): Modeline "1024x768"x60.0   65.00  1024 1048 1184 1344  768 771 777 806 -hsync -vsync (48.4 kHz e)
[    43.000] (**) NOUVEAU(0):  Driver mode "800x600": 49.5 MHz (scaled from 0.0 MHz), 46.9 kHz, 75.0 Hz
[    43.000] (II) NOUVEAU(0): Modeline "800x600"x75.0   49.50  800 816 896 1056  600 601 604 625 +hsync +vsync (46.9 kHz e)
[    43.000] (**) NOUVEAU(0):  Driver mode "800x600": 40.0 MHz (scaled from 0.0 MHz), 37.9 kHz, 60.3 Hz
[    43.000] (II) NOUVEAU(0): Modeline "800x600"x60.3   40.00  800 840 968 1056  600 601 605 628 +hsync +vsync (37.9 kHz e)
[    43.000] (**) NOUVEAU(0):  Driver mode "640x480": 31.5 MHz (scaled from 0.0 MHz), 37.5 kHz, 75.0 Hz
[    43.000] (II) NOUVEAU(0): Modeline "640x480"x75.0   31.50  640 656 720 840  480 481 484 500 -hsync -vsync (37.5 kHz e)
[    43.000] (**) NOUVEAU(0):  Driver mode "640x480": 25.2 MHz (scaled from 0.0 MHz), 31.5 kHz, 59.9 Hz
[    43.000] (II) NOUVEAU(0): Modeline "640x480"x59.9   25.18  640 656 752 800  480 490 492 525 -hsync -vsync (31.5 kHz e)
[    43.000] (**) NOUVEAU(0):  Driver mode "720x400": 28.3 MHz (scaled from 0.0 MHz), 31.5 kHz, 70.1 Hz
[    43.000] (II) NOUVEAU(0): Modeline "720x400"x70.1   28.32  720 738 846 900  400 412 414 449 -hsync +vsync (31.5 kHz e)
[    43.000] (==) NOUVEAU(0): DPI set to (96, 96)
[    43.000] (II) Loading sub module "fb"
[    43.000] (II) LoadModule: "fb"
[    43.000] (II) Loading /usr/lib/xorg/modules/libfb.so
[    43.213] (II) Module fb: vendor="X.Org Foundation"
[    43.213] 	compiled for 1.19.6, module version = 1.0.0
[    43.213] 	ABI class: X.Org ANSI C Emulation, version 0.4
[    43.214] (II) Loading sub module "shadowfb"
[    43.214] (II) LoadModule: "shadowfb"
[    43.214] (II) Loading /usr/lib/xorg/modules/libshadowfb.so
[    43.214] (II) Module shadowfb: vendor="X.Org Foundation"
[    43.214] 	compiled for 1.19.6, module version = 1.0.0
[    43.214] 	ABI class: X.Org ANSI C Emulation, version 0.4
[    43.214] (II) UnloadModule: "modesetting"
[    43.214] (II) Unloading modesetting
[    43.214] (II) UnloadModule: "fbdev"
[    43.215] (II) Unloading fbdev
[    43.215] (II) UnloadSubModule: "fbdevhw"
[    43.215] (II) Unloading fbdevhw
[    43.215] (II) UnloadModule: "vesa"
[    43.215] (II) Unloading vesa
[    43.215] (--) Depth 24 pixmap format is 32 bpp
[    43.216] (II) NOUVEAU(0): Channel setup complete.
[    43.217] (II) NOUVEAU(0): [COPY] async initialised.
[    43.255] (II) NOUVEAU(0): Hardware support for Present enabled
[    43.255] (II) NOUVEAU(0): [DRI2] Setup complete
[    43.255] (II) NOUVEAU(0): [DRI2]   DRI driver: nouveau
[    43.255] (II) NOUVEAU(0): [DRI2]   VDPAU driver: nouveau
[    43.255] (II) Loading sub module "exa"
[    43.255] (II) LoadModule: "exa"
[    43.255] (II) Loading /usr/lib/xorg/modules/libexa.so
[    43.256] (II) Module exa: vendor="X.Org Foundation"
[    43.256] 	compiled for 1.19.6, module version = 2.6.0
[    43.256] 	ABI class: X.Org Video Driver, version 23.0
[    43.256] (II) EXA(0): Driver allocated offscreen pixmaps
[    43.256] (II) EXA(0): Driver registered support for the following operations:
[    43.256] (II)         Solid
[    43.256] (II)         Copy
[    43.256] (II)         Composite (RENDER acceleration)
[    43.256] (II)         UploadToScreen
[    43.256] (II)         DownloadFromScreen
[    43.256] (==) NOUVEAU(0): Backing store enabled
[    43.256] (==) NOUVEAU(0): Silken mouse enabled
[    43.256] (II) NOUVEAU(0): [XvMC] Associated with Nouveau GeForce 8/9 Textured Video.
[    43.256] (II) NOUVEAU(0): [XvMC] Extension initialized.
[    43.256] (==) NOUVEAU(0): DPMS enabled
[    43.256] (II) NOUVEAU(0): RandR 1.2 enabled, ignore the following RandR disabled message.
[    43.257] (--) RandR disabled
[    43.270] (II) SELinux: Disabled on system
[    44.706] (II) AIGLX: enabled GLX_MESA_copy_sub_buffer
[    44.706] (II) AIGLX: enabled GLX_ARB_create_context
[    44.706] (II) AIGLX: enabled GLX_ARB_create_context_profile
[    44.706] (II) AIGLX: enabled GLX_EXT_create_context_es{,2}_profile
[    44.706] (II) AIGLX: enabled GLX_INTEL_swap_event
[    44.706] (II) AIGLX: enabled GLX_SGI_swap_control
[    44.706] (II) AIGLX: enabled GLX_EXT_framebuffer_sRGB
[    44.706] (II) AIGLX: enabled GLX_ARB_fbconfig_float
[    44.706] (II) AIGLX: enabled GLX_EXT_fbconfig_packed_float
[    44.706] (II) AIGLX: GLX_EXT_texture_from_pixmap backed by buffer objects
[    44.707] (II) AIGLX: Loaded and initialized nouveau
[    44.707] (II) GLX: Initialized DRI2 GL provider for screen 0
[    44.711] (II) NOUVEAU(0): NVEnterVT is called.
[    44.727] (II) NOUVEAU(0): Setting screen physical size to 508 x 285
[    44.727] resize called 1920 1080
[    45.130] (II) config/udev: Adding input device Power Button (/dev/input/event1)
[    45.130] (**) Power Button: Applying InputClass "libinput keyboard catchall"
[    45.130] (II) LoadModule: "libinput"
[    45.130] (II) Loading /usr/lib/xorg/modules/input/libinput_drv.so
[    45.207] (II) Module libinput: vendor="X.Org Foundation"
[    45.207] 	compiled for 1.19.6, module version = 0.27.1
[    45.207] 	Module class: X.Org XInput Driver
[    45.207] 	ABI class: X.Org XInput driver, version 24.1
[    45.207] (II) Using input driver 'libinput' for 'Power Button'
[    45.208] (II) systemd-logind: got fd for /dev/input/event1 13:65 fd 22 paused 0
[    45.208] (**) Power Button: always reports core events
[    45.208] (**) Option "Device" "/dev/input/event1"
[    45.208] (**) Option "_source" "server/udev"
[    45.209] (II) event1  - Power Button: is tagged by udev as: Keyboard
[    45.209] (II) event1  - Power Button: device is a keyboard
[    45.209] (II) event1  - Power Button: device removed
[    45.209] (**) Option "config_info" "udev:/sys/devices/LNXSYSTM:00/LNXPWRBN:00/input/input1/event1"
[    45.209] (II) XINPUT: Adding extended input device "Power Button" (type: KEYBOARD, id 6)
[    45.209] (**) Option "xkb_model" "pc105"
[    45.209] (**) Option "xkb_layout" "us"
[    45.210] (II) event1  - Power Button: is tagged by udev as: Keyboard
[    45.210] (II) event1  - Power Button: device is a keyboard
[    45.211] (II) config/udev: Adding input device Power Button (/dev/input/event0)
[    45.211] (**) Power Button: Applying InputClass "libinput keyboard catchall"
[    45.211] (II) Using input driver 'libinput' for 'Power Button'
[    45.212] (II) systemd-logind: got fd for /dev/input/event0 13:64 fd 25 paused 0
[    45.212] (**) Power Button: always reports core events
[    45.212] (**) Option "Device" "/dev/input/event0"
[    45.212] (**) Option "_source" "server/udev"
[    45.213] (II) event0  - Power Button: is tagged by udev as: Keyboard
[    45.213] (II) event0  - Power Button: device is a keyboard
[    45.213] (II) event0  - Power Button: device removed
[    45.213] (**) Option "config_info" "udev:/sys/devices/LNXSYSTM:00/LNXSYBUS:00/PNP0C0C:00/input/input0/event0"
[    45.213] (II) XINPUT: Adding extended input device "Power Button" (type: KEYBOARD, id 7)
[    45.213] (**) Option "xkb_model" "pc105"
[    45.213] (**) Option "xkb_layout" "us"
[    45.214] (II) event0  - Power Button: is tagged by udev as: Keyboard
[    45.214] (II) event0  - Power Button: device is a keyboard
[    45.215] (II) config/udev: Adding input device HDA NVidia HDMI/DP,pcm=7 (/dev/input/event10)
[    45.215] (II) No input driver specified, ignoring this device.
[    45.215] (II) This device may have been added with another device file.
[    45.216] (II) config/udev: Adding input device HDA NVidia HDMI/DP,pcm=3 (/dev/input/event9)
[    45.216] (II) No input driver specified, ignoring this device.
[    45.216] (II) This device may have been added with another device file.
[    45.217] (II) config/udev: Adding input device SIGMACHIP USB Keyboard (/dev/input/event2)
[    45.217] (**) SIGMACHIP USB Keyboard: Applying InputClass "libinput keyboard catchall"
[    45.217] (II) Using input driver 'libinput' for 'SIGMACHIP USB Keyboard'
[    45.218] (II) systemd-logind: got fd for /dev/input/event2 13:66 fd 26 paused 0
[    45.218] (**) SIGMACHIP USB Keyboard: always reports core events
[    45.218] (**) Option "Device" "/dev/input/event2"
[    45.218] (**) Option "_source" "server/udev"
[    45.219] (II) event2  - SIGMACHIP USB Keyboard: is tagged by udev as: Keyboard
[    45.219] (II) event2  - SIGMACHIP USB Keyboard: device is a keyboard
[    45.219] (II) event2  - SIGMACHIP USB Keyboard: device removed
[    45.220] (**) Option "config_info" "udev:/sys/devices/pci0000:00/0000:00:14.0/usb3/3-1/3-1:1.0/0003:1C4F:0016.0001/input/input2/event2"
[    45.220] (II) XINPUT: Adding extended input device "SIGMACHIP USB Keyboard" (type: KEYBOARD, id 8)
[    45.220] (**) Option "xkb_model" "pc105"
[    45.220] (**) Option "xkb_layout" "us"
[    45.221] (II) event2  - SIGMACHIP USB Keyboard: is tagged by udev as: Keyboard
[    45.221] (II) event2  - SIGMACHIP USB Keyboard: device is a keyboard
[    45.222] (II) config/udev: Adding input device SIGMACHIP USB Keyboard (/dev/input/event3)
[    45.222] (**) SIGMACHIP USB Keyboard: Applying InputClass "libinput keyboard catchall"
[    45.222] (II) Using input driver 'libinput' for 'SIGMACHIP USB Keyboard'
[    45.223] (II) systemd-logind: got fd for /dev/input/event3 13:67 fd 27 paused 0
[    45.223] (**) SIGMACHIP USB Keyboard: always reports core events
[    45.223] (**) Option "Device" "/dev/input/event3"
[    45.223] (**) Option "_source" "server/udev"
[    45.224] (II) event3  - SIGMACHIP USB Keyboard: is tagged by udev as: Keyboard
[    45.224] (II) event3  - SIGMACHIP USB Keyboard: device is a keyboard
[    45.224] (II) event3  - SIGMACHIP USB Keyboard: device removed
[    45.224] (II) libinput: SIGMACHIP USB Keyboard: needs a virtual subdevice
[    45.224] (**) Option "config_info" "udev:/sys/devices/pci0000:00/0000:00:14.0/usb3/3-1/3-1:1.1/0003:1C4F:0016.0002/input/input3/event3"
[    45.224] (II) XINPUT: Adding extended input device "SIGMACHIP USB Keyboard" (type: MOUSE, id 9)
[    45.224] (**) Option "AccelerationScheme" "none"
[    45.224] (**) SIGMACHIP USB Keyboard: (accel) selected scheme none/0
[    45.224] (**) SIGMACHIP USB Keyboard: (accel) acceleration factor: 2.000
[    45.224] (**) SIGMACHIP USB Keyboard: (accel) acceleration threshold: 4
[    45.225] (II) event3  - SIGMACHIP USB Keyboard: is tagged by udev as: Keyboard
[    45.225] (II) event3  - SIGMACHIP USB Keyboard: device is a keyboard
[    45.225] (II) config/udev: Adding input device PixArt USB Optical Mouse (/dev/input/event4)
[    45.225] (**) PixArt USB Optical Mouse: Applying InputClass "libinput pointer catchall"
[    45.225] (II) Using input driver 'libinput' for 'PixArt USB Optical Mouse'
[    45.284] (II) systemd-logind: got fd for /dev/input/event4 13:68 fd 28 paused 0
[    45.284] (**) PixArt USB Optical Mouse: always reports core events
[    45.284] (**) Option "Device" "/dev/input/event4"
[    45.284] (**) Option "_source" "server/udev"
[    45.285] (II) event4  - PixArt USB Optical Mouse: is tagged by udev as: Mouse
[    45.285] (II) event4  - PixArt USB Optical Mouse: device is a pointer
[    45.285] (II) event4  - PixArt USB Optical Mouse: device removed
[    45.285] (**) Option "config_info" "udev:/sys/devices/pci0000:00/0000:00:14.0/usb3/3-5/3-5:1.0/0003:17EF:602E.0003/input/input4/event4"
[    45.285] (II) XINPUT: Adding extended input device "PixArt USB Optical Mouse" (type: MOUSE, id 10)
[    45.285] (**) Option "AccelerationScheme" "none"
[    45.285] (**) PixArt USB Optical Mouse: (accel) selected scheme none/0
[    45.286] (**) PixArt USB Optical Mouse: (accel) acceleration factor: 2.000
[    45.286] (**) PixArt USB Optical Mouse: (accel) acceleration threshold: 4
[    45.286] (II) event4  - PixArt USB Optical Mouse: is tagged by udev as: Mouse
[    45.286] (II) event4  - PixArt USB Optical Mouse: device is a pointer
[    45.287] (II) config/udev: Adding input device PixArt USB Optical Mouse (/dev/input/mouse0)
[    45.288] (II) No input driver specified, ignoring this device.
[    45.288] (II) This device may have been added with another device file.
[    45.288] (II) config/udev: Adding input device HDA Intel PCH Front Mic (/dev/input/event5)
[    45.288] (II) No input driver specified, ignoring this device.
[    45.288] (II) This device may have been added with another device file.
[    45.289] (II) config/udev: Adding input device HDA Intel PCH Rear Mic (/dev/input/event6)
[    45.289] (II) No input driver specified, ignoring this device.
[    45.289] (II) This device may have been added with another device file.
[    45.290] (II) config/udev: Adding input device HDA Intel PCH Line Out (/dev/input/event7)
[    45.290] (II) No input driver specified, ignoring this device.
[    45.290] (II) This device may have been added with another device file.
[    45.290] (II) config/udev: Adding input device HDA Intel PCH Front Headphone (/dev/input/event8)
[    45.290] (II) No input driver specified, ignoring this device.
[    45.290] (II) This device may have been added with another device file.
[    45.298] (**) SIGMACHIP USB Keyboard: Applying InputClass "libinput keyboard catchall"
[    45.298] (II) Using input driver 'libinput' for 'SIGMACHIP USB Keyboard'
[    45.298] (II) systemd-logind: returning pre-existing fd for /dev/input/event3 13:67
[    45.298] (**) SIGMACHIP USB Keyboard: always reports core events
[    45.298] (**) Option "Device" "/dev/input/event3"
[    45.298] (**) Option "_source" "_driver/libinput"
[    45.298] (II) libinput: SIGMACHIP USB Keyboard: is a virtual subdevice
[    45.298] (**) Option "config_info" "udev:/sys/devices/pci0000:00/0000:00:14.0/usb3/3-1/3-1:1.1/0003:1C4F:0016.0002/input/input3/event3"
[    45.298] (II) XINPUT: Adding extended input device "SIGMACHIP USB Keyboard" (type: KEYBOARD, id 11)
[    45.298] (**) Option "xkb_model" "pc105"
[    45.298] (**) Option "xkb_layout" "us"
[    50.428] (II) NOUVEAU(0): EDID vendor "DEL", prod id 61547
[    50.428] (II) NOUVEAU(0): Using EDID range info for horizontal sync
[    50.428] (II) NOUVEAU(0): Using EDID range info for vertical refresh
[    50.428] (II) NOUVEAU(0): Printing DDC gathered Modelines:
[    50.428] (II) NOUVEAU(0): Modeline "1920x1080"x0.0  148.50  1920 2008 2052 2200  1080 1084 1089 1125 +hsync +vsync (67.5 kHz eP)
[    50.428] (II) NOUVEAU(0): Modeline "800x600"x0.0   40.00  800 840 968 1056  600 601 605 628 +hsync +vsync (37.9 kHz e)
[    50.428] (II) NOUVEAU(0): Modeline "640x480"x0.0   31.50  640 656 720 840  480 481 484 500 -hsync -vsync (37.5 kHz e)
[    50.428] (II) NOUVEAU(0): Modeline "640x480"x0.0   25.18  640 656 752 800  480 490 492 525 -hsync -vsync (31.5 kHz e)
[    50.428] (II) NOUVEAU(0): Modeline "720x400"x0.0   28.32  720 738 846 900  400 412 414 449 -hsync +vsync (31.5 kHz e)
[    50.428] (II) NOUVEAU(0): Modeline "1280x1024"x0.0  135.00  1280 1296 1440 1688  1024 1025 1028 1066 +hsync +vsync (80.0 kHz e)
[    50.428] (II) NOUVEAU(0): Modeline "1024x768"x0.0   78.75  1024 1040 1136 1312  768 769 772 800 +hsync +vsync (60.0 kHz e)
[    50.428] (II) NOUVEAU(0): Modeline "1024x768"x0.0   65.00  1024 1048 1184 1344  768 771 777 806 -hsync -vsync (48.4 kHz e)
[    50.428] (II) NOUVEAU(0): Modeline "800x600"x0.0   49.50  800 816 896 1056  600 601 604 625 +hsync +vsync (46.9 kHz e)
[    50.428] (II) NOUVEAU(0): Modeline "1152x864"x0.0  108.00  1152 1216 1344 1600  864 865 868 900 +hsync +vsync (67.5 kHz e)
[    50.428] (II) NOUVEAU(0): Modeline "1280x1024"x0.0  108.00  1280 1328 1440 1688  1024 1025 1028 1066 +hsync +vsync (64.0 kHz e)
[    50.428] (II) NOUVEAU(0): Modeline "1600x900"x60.0  119.00  1600 1696 1864 2128  900 901 904 932 -hsync +vsync (55.9 kHz e)
[    50.428] (II) NOUVEAU(0): Modeline "1920x1080"x60.0  172.80  1920 2040 2248 2576  1080 1081 1084 1118 -hsync +vsync (67.1 kHz e)
[    50.802] resize called 1920 1080
[    59.068] (II) NOUVEAU(0): EDID vendor "DEL", prod id 61547
[    59.068] (II) NOUVEAU(0): Using hsync ranges from config file
[    59.068] (II) NOUVEAU(0): Using vrefresh ranges from config file
[    59.068] (II) NOUVEAU(0): Printing DDC gathered Modelines:
[    59.068] (II) NOUVEAU(0): Modeline "1920x1080"x0.0  148.50  1920 2008 2052 2200  1080 1084 1089 1125 +hsync +vsync (67.5 kHz eP)
[    59.068] (II) NOUVEAU(0): Modeline "800x600"x0.0   40.00  800 840 968 1056  600 601 605 628 +hsync +vsync (37.9 kHz e)
[    59.068] (II) NOUVEAU(0): Modeline "640x480"x0.0   31.50  640 656 720 840  480 481 484 500 -hsync -vsync (37.5 kHz e)
[    59.068] (II) NOUVEAU(0): Modeline "640x480"x0.0   25.18  640 656 752 800  480 490 492 525 -hsync -vsync (31.5 kHz e)
[    59.068] (II) NOUVEAU(0): Modeline "720x400"x0.0   28.32  720 738 846 900  400 412 414 449 -hsync +vsync (31.5 kHz e)
[    59.068] (II) NOUVEAU(0): Modeline "1280x1024"x0.0  135.00  1280 1296 1440 1688  1024 1025 1028 1066 +hsync +vsync (80.0 kHz e)
[    59.068] (II) NOUVEAU(0): Modeline "1024x768"x0.0   78.75  1024 1040 1136 1312  768 769 772 800 +hsync +vsync (60.0 kHz e)
[    59.068] (II) NOUVEAU(0): Modeline "1024x768"x0.0   65.00  1024 1048 1184 1344  768 771 777 806 -hsync -vsync (48.4 kHz e)
[    59.068] (II) NOUVEAU(0): Modeline "800x600"x0.0   49.50  800 816 896 1056  600 601 604 625 +hsync +vsync (46.9 kHz e)
[    59.068] (II) NOUVEAU(0): Modeline "1152x864"x0.0  108.00  1152 1216 1344 1600  864 865 868 900 +hsync +vsync (67.5 kHz e)
[    59.068] (II) NOUVEAU(0): Modeline "1280x1024"x0.0  108.00  1280 1328 1440 1688  1024 1025 1028 1066 +hsync +vsync (64.0 kHz e)
[    59.068] (II) NOUVEAU(0): Modeline "1600x900"x60.0  119.00  1600 1696 1864 2128  900 901 904 932 -hsync +vsync (55.9 kHz e)
[    59.068] (II) NOUVEAU(0): Modeline "1920x1080"x60.0  172.80  1920 2040 2248 2576  1080 1081 1084 1118 -hsync +vsync (67.1 kHz e)
[  1021.510] -2
[  1678.464] (II) NOUVEAU(0): EDID vendor "DEL", prod id 61547
[  1678.513] (II) NOUVEAU(0): Using hsync ranges from config file
[  1678.514] (II) NOUVEAU(0): Using vrefresh ranges from config file
[  1678.514] (II) NOUVEAU(0): Printing DDC gathered Modelines:
[  1678.514] (II) NOUVEAU(0): Modeline "1920x1080"x0.0  148.50  1920 2008 2052 2200  1080 1084 1089 1125 +hsync +vsync (67.5 kHz eP)
[  1678.514] (II) NOUVEAU(0): Modeline "800x600"x0.0   40.00  800 840 968 1056  600 601 605 628 +hsync +vsync (37.9 kHz e)
[  1678.514] (II) NOUVEAU(0): Modeline "640x480"x0.0   31.50  640 656 720 840  480 481 484 500 -hsync -vsync (37.5 kHz e)
[  1678.514] (II) NOUVEAU(0): Modeline "640x480"x0.0   25.18  640 656 752 800  480 490 492 525 -hsync -vsync (31.5 kHz e)
[  1678.514] (II) NOUVEAU(0): Modeline "720x400"x0.0   28.32  720 738 846 900  400 412 414 449 -hsync +vsync (31.5 kHz e)
[  1678.514] (II) NOUVEAU(0): Modeline "1280x1024"x0.0  135.00  1280 1296 1440 1688  1024 1025 1028 1066 +hsync +vsync (80.0 kHz e)
[  1678.514] (II) NOUVEAU(0): Modeline "1024x768"x0.0   78.75  1024 1040 1136 1312  768 769 772 800 +hsync +vsync (60.0 kHz e)
[  1678.514] (II) NOUVEAU(0): Modeline "1024x768"x0.0   65.00  1024 1048 1184 1344  768 771 777 806 -hsync -vsync (48.4 kHz e)
[  1678.514] (II) NOUVEAU(0): Modeline "800x600"x0.0   49.50  800 816 896 1056  600 601 604 625 +hsync +vsync (46.9 kHz e)
[  1678.514] (II) NOUVEAU(0): Modeline "1152x864"x0.0  108.00  1152 1216 1344 1600  864 865 868 900 +hsync +vsync (67.5 kHz e)
[  1678.514] (II) NOUVEAU(0): Modeline "1280x1024"x0.0  108.00  1280 1328 1440 1688  1024 1025 1028 1066 +hsync +vsync (64.0 kHz e)
[  1678.514] (II) NOUVEAU(0): Modeline "1600x900"x60.0  119.00  1600 1696 1864 2128  900 901 904 932 -hsync +vsync (55.9 kHz e)
[  1678.514] (II) NOUVEAU(0): Modeline "1920x1080"x60.0  172.80  1920 2040 2248 2576  1080 1081 1084 1118 -hsync +vsync (67.1 kHz e)
[ 32258.467] (II) NOUVEAU(0): EDID vendor "DEL", prod id 61547
[ 32258.468] (II) NOUVEAU(0): Using hsync ranges from config file
[ 32258.468] (II) NOUVEAU(0): Using vrefresh ranges from config file
[ 32258.468] (II) NOUVEAU(0): Printing DDC gathered Modelines:
[ 32258.468] (II) NOUVEAU(0): Modeline "1920x1080"x0.0  148.50  1920 2008 2052 2200  1080 1084 1089 1125 +hsync +vsync (67.5 kHz eP)
[ 32258.468] (II) NOUVEAU(0): Modeline "800x600"x0.0   40.00  800 840 968 1056  600 601 605 628 +hsync +vsync (37.9 kHz e)
[ 32258.468] (II) NOUVEAU(0): Modeline "640x480"x0.0   31.50  640 656 720 840  480 481 484 500 -hsync -vsync (37.5 kHz e)
[ 32258.468] (II) NOUVEAU(0): Modeline "640x480"x0.0   25.18  640 656 752 800  480 490 492 525 -hsync -vsync (31.5 kHz e)
[ 32258.468] (II) NOUVEAU(0): Modeline "720x400"x0.0   28.32  720 738 846 900  400 412 414 449 -hsync +vsync (31.5 kHz e)
[ 32258.468] (II) NOUVEAU(0): Modeline "1280x1024"x0.0  135.00  1280 1296 1440 1688  1024 1025 1028 1066 +hsync +vsync (80.0 kHz e)
[ 32258.468] (II) NOUVEAU(0): Modeline "1024x768"x0.0   78.75  1024 1040 1136 1312  768 769 772 800 +hsync +vsync (60.0 kHz e)
[ 32258.468] (II) NOUVEAU(0): Modeline "1024x768"x0.0   65.00  1024 1048 1184 1344  768 771 777 806 -hsync -vsync (48.4 kHz e)
[ 32258.468] (II) NOUVEAU(0): Modeline "800x600"x0.0   49.50  800 816 896 1056  600 601 604 625 +hsync +vsync (46.9 kHz e)
[ 32258.468] (II) NOUVEAU(0): Modeline "1152x864"x0.0  108.00  1152 1216 1344 1600  864 865 868 900 +hsync +vsync (67.5 kHz e)
[ 32258.468] (II) NOUVEAU(0): Modeline "1280x1024"x0.0  108.00  1280 1328 1440 1688  1024 1025 1028 1066 +hsync +vsync (64.0 kHz e)
[ 32258.468] (II) NOUVEAU(0): Modeline "1600x900"x60.0  119.00  1600 1696 1864 2128  900 901 904 932 -hsync +vsync (55.9 kHz e)
[ 32258.468] (II) NOUVEAU(0): Modeline "1920x1080"x60.0  172.80  1920 2040 2248 2576  1080 1081 1084 1118 -hsync +vsync (67.1 kHz e)
[ 33412.539] (II) NOUVEAU(0): EDID vendor "DEL", prod id 61547
[ 33412.551] (II) NOUVEAU(0): Using hsync ranges from config file
[ 33412.551] (II) NOUVEAU(0): Using vrefresh ranges from config file
[ 33412.551] (II) NOUVEAU(0): Printing DDC gathered Modelines:
[ 33412.551] (II) NOUVEAU(0): Modeline "1920x1080"x0.0  148.50  1920 2008 2052 2200  1080 1084 1089 1125 +hsync +vsync (67.5 kHz eP)
[ 33412.551] (II) NOUVEAU(0): Modeline "800x600"x0.0   40.00  800 840 968 1056  600 601 605 628 +hsync +vsync (37.9 kHz e)
[ 33412.551] (II) NOUVEAU(0): Modeline "640x480"x0.0   31.50  640 656 720 840  480 481 484 500 -hsync -vsync (37.5 kHz e)
[ 33412.551] (II) NOUVEAU(0): Modeline "640x480"x0.0   25.18  640 656 752 800  480 490 492 525 -hsync -vsync (31.5 kHz e)
[ 33412.551] (II) NOUVEAU(0): Modeline "720x400"x0.0   28.32  720 738 846 900  400 412 414 449 -hsync +vsync (31.5 kHz e)
[ 33412.552] (II) NOUVEAU(0): Modeline "1280x1024"x0.0  135.00  1280 1296 1440 1688  1024 1025 1028 1066 +hsync +vsync (80.0 kHz e)
[ 33412.552] (II) NOUVEAU(0): Modeline "1024x768"x0.0   78.75  1024 1040 1136 1312  768 769 772 800 +hsync +vsync (60.0 kHz e)
[ 33412.552] (II) NOUVEAU(0): Modeline "1024x768"x0.0   65.00  1024 1048 1184 1344  768 771 777 806 -hsync -vsync (48.4 kHz e)
[ 33412.552] (II) NOUVEAU(0): Modeline "800x600"x0.0   49.50  800 816 896 1056  600 601 604 625 +hsync +vsync (46.9 kHz e)
[ 33412.552] (II) NOUVEAU(0): Modeline "1152x864"x0.0  108.00  1152 1216 1344 1600  864 865 868 900 +hsync +vsync (67.5 kHz e)
[ 33412.552] (II) NOUVEAU(0): Modeline "1280x1024"x0.0  108.00  1280 1328 1440 1688  1024 1025 1028 1066 +hsync +vsync (64.0 kHz e)
[ 33412.552] (II) NOUVEAU(0): Modeline "1600x900"x60.0  119.00  1600 1696 1864 2128  900 901 904 932 -hsync +vsync (55.9 kHz e)
[ 33412.552] (II) NOUVEAU(0): Modeline "1920x1080"x60.0  172.80  1920 2040 2248 2576  1080 1081 1084 1118 -hsync +vsync (67.1 kHz e)
[ 78416.748] (II) NOUVEAU(0): EDID vendor "DEL", prod id 61547
[ 78416.833] (II) NOUVEAU(0): Using hsync ranges from config file
[ 78416.833] (II) NOUVEAU(0): Using vrefresh ranges from config file
[ 78416.833] (II) NOUVEAU(0): Printing DDC gathered Modelines:
[ 78416.833] (II) NOUVEAU(0): Modeline "1920x1080"x0.0  148.50  1920 2008 2052 2200  1080 1084 1089 1125 +hsync +vsync (67.5 kHz eP)
[ 78416.833] (II) NOUVEAU(0): Modeline "800x600"x0.0   40.00  800 840 968 1056  600 601 605 628 +hsync +vsync (37.9 kHz e)
[ 78416.833] (II) NOUVEAU(0): Modeline "640x480"x0.0   31.50  640 656 720 840  480 481 484 500 -hsync -vsync (37.5 kHz e)
[ 78416.833] (II) NOUVEAU(0): Modeline "640x480"x0.0   25.18  640 656 752 800  480 490 492 525 -hsync -vsync (31.5 kHz e)
[ 78416.833] (II) NOUVEAU(0): Modeline "720x400"x0.0   28.32  720 738 846 900  400 412 414 449 -hsync +vsync (31.5 kHz e)
[ 78416.833] (II) NOUVEAU(0): Modeline "1280x1024"x0.0  135.00  1280 1296 1440 1688  1024 1025 1028 1066 +hsync +vsync (80.0 kHz e)
[ 78416.833] (II) NOUVEAU(0): Modeline "1024x768"x0.0   78.75  1024 1040 1136 1312  768 769 772 800 +hsync +vsync (60.0 kHz e)
[ 78416.833] (II) NOUVEAU(0): Modeline "1024x768"x0.0   65.00  1024 1048 1184 1344  768 771 777 806 -hsync -vsync (48.4 kHz e)
[ 78416.833] (II) NOUVEAU(0): Modeline "800x600"x0.0   49.50  800 816 896 1056  600 601 604 625 +hsync +vsync (46.9 kHz e)
[ 78416.833] (II) NOUVEAU(0): Modeline "1152x864"x0.0  108.00  1152 1216 1344 1600  864 865 868 900 +hsync +vsync (67.5 kHz e)
[ 78416.833] (II) NOUVEAU(0): Modeline "1280x1024"x0.0  108.00  1280 1328 1440 1688  1024 1025 1028 1066 +hsync +vsync (64.0 kHz e)
[ 78416.833] (II) NOUVEAU(0): Modeline "1600x900"x60.0  119.00  1600 1696 1864 2128  900 901 904 932 -hsync +vsync (55.9 kHz e)
[ 78416.833] (II) NOUVEAU(0): Modeline "1920x1080"x60.0  172.80  1920 2040 2248 2576  1080 1081 1084 1118 -hsync +vsync (67.1 kHz e)
[ 78587.109] (EE) client bug: timer event4 debounce short: offset negative (-5ms)
[101806.103] (II) NOUVEAU(0): EDID vendor "DEL", prod id 61547
[101806.104] (II) NOUVEAU(0): Using hsync ranges from config file
[101806.104] (II) NOUVEAU(0): Using vrefresh ranges from config file
[101806.104] (II) NOUVEAU(0): Printing DDC gathered Modelines:
[101806.104] (II) NOUVEAU(0): Modeline "1920x1080"x0.0  148.50  1920 2008 2052 2200  1080 1084 1089 1125 +hsync +vsync (67.5 kHz eP)
[101806.104] (II) NOUVEAU(0): Modeline "800x600"x0.0   40.00  800 840 968 1056  600 601 605 628 +hsync +vsync (37.9 kHz e)
[101806.104] (II) NOUVEAU(0): Modeline "640x480"x0.0   31.50  640 656 720 840  480 481 484 500 -hsync -vsync (37.5 kHz e)
[101806.104] (II) NOUVEAU(0): Modeline "640x480"x0.0   25.18  640 656 752 800  480 490 492 525 -hsync -vsync (31.5 kHz e)
[101806.104] (II) NOUVEAU(0): Modeline "720x400"x0.0   28.32  720 738 846 900  400 412 414 449 -hsync +vsync (31.5 kHz e)
[101806.104] (II) NOUVEAU(0): Modeline "1280x1024"x0.0  135.00  1280 1296 1440 1688  1024 1025 1028 1066 +hsync +vsync (80.0 kHz e)
[101806.104] (II) NOUVEAU(0): Modeline "1024x768"x0.0   78.75  1024 1040 1136 1312  768 769 772 800 +hsync +vsync (60.0 kHz e)
[101806.104] (II) NOUVEAU(0): Modeline "1024x768"x0.0   65.00  1024 1048 1184 1344  768 771 777 806 -hsync -vsync (48.4 kHz e)
[101806.104] (II) NOUVEAU(0): Modeline "800x600"x0.0   49.50  800 816 896 1056  600 601 604 625 +hsync +vsync (46.9 kHz e)
[101806.104] (II) NOUVEAU(0): Modeline "1152x864"x0.0  108.00  1152 1216 1344 1600  864 865 868 900 +hsync +vsync (67.5 kHz e)
[101806.104] (II) NOUVEAU(0): Modeline "1280x1024"x0.0  108.00  1280 1328 1440 1688  1024 1025 1028 1066 +hsync +vsync (64.0 kHz e)
[101806.104] (II) NOUVEAU(0): Modeline "1600x900"x60.0  119.00  1600 1696 1864 2128  900 901 904 932 -hsync +vsync (55.9 kHz e)
[101806.104] (II) NOUVEAU(0): Modeline "1920x1080"x60.0  172.80  1920 2040 2248 2576  1080 1081 1084 1118 -hsync +vsync (67.1 kHz e)
[103648.217] -2
[104190.137] (EE) client bug: timer event4 debounce short: offset negative (-7ms)
[106791.853] -2
[106906.252] -2
[106947.482] -2
[108840.110] -2
